<?xml version="1.0" encoding="UTF-8"?>
<!-- Generated by org.testng.reporters.JUnitXMLReporter -->
<testsuite ignored="0" hostname="AHS-LP-328" failures="1" tests="2" name="Test" time="39.334" errors="0" timestamp="2022-07-26T22:32:58 IST">
  <testcase classname="com.practice.FramesHandling" name="scrrenShot" time="0.019">
    <failure type="java.lang.NullPointerException" message="Cannot invoke &amp;quot;org.openqa.selenium.TakesScreenshot.getScreenshotAs(org.openqa.selenium.OutputType)&amp;quot; because &amp;quot;ts&amp;quot; is null">
      <![CDATA[java.lang.NullPointerException: Cannot invoke "org.openqa.selenium.TakesScreenshot.getScreenshotAs(org.openqa.selenium.OutputType)" because "ts" is null
at com.practice.FramesHandling.scrrenShot(FramesHandling.java:36)
at java.base/java.util.ArrayList.forEach(ArrayList.java:1511)
... Removed 27 stack frames]]>
    </failure>
  </testcase> <!-- scrrenShot -->
  <testcase classname="com.practice.FramesHandling" name="testmethod" time="39.248"/>
</testsuite> <!-- Test -->
