<?xml version="1.0" encoding="UTF-8"?>
<testng-results ignored="0" total="1" passed="1" failed="0" skipped="0">
  <reporter-output>
  </reporter-output>
  <suite started-at="2022-06-17T14:29:29 IST" name="Default suite" finished-at="2022-06-17T14:29:47 IST" duration-ms="17784">
    <groups>
    </groups>
    <test started-at="2022-06-17T14:29:29 IST" name="Default test" finished-at="2022-06-17T14:29:47 IST" duration-ms="17784">
      <class name="com.testpkg.LambdaTest">
        <test-method is-config="true" signature="setup(java.lang.reflect.Method,org.testng.ITestContext)[pri:0, instance:com.testpkg.LambdaTest@57bc27f5]" started-at="2022-06-17T14:29:29 IST" name="setup" finished-at="2022-06-17T14:29:40 IST" duration-ms="10797" status="PASS">
          <params>
            <param index="0">
              <value>
                <![CDATA[public void com.testpkg.LambdaTest.basicTest() throws java.lang.InterruptedException]]>
              </value>
            </param>
            <param index="1">
              <value>
                <![CDATA[org.testng.TestRunner@572e6fd9]]>
              </value>
            </param>
          </params>
          <reporter-output>
          </reporter-output>
        </test-method> <!-- setup -->
        <test-method signature="basicTest()[pri:0, instance:com.testpkg.LambdaTest@57bc27f5]" started-at="2022-06-17T14:29:40 IST" name="basicTest" finished-at="2022-06-17T14:29:45 IST" duration-ms="4856" status="PASS">
          <reporter-output>
          </reporter-output>
        </test-method> <!-- basicTest -->
        <test-method is-config="true" signature="tearDown()[pri:0, instance:com.testpkg.LambdaTest@57bc27f5]" started-at="2022-06-17T14:29:45 IST" name="tearDown" finished-at="2022-06-17T14:29:47 IST" duration-ms="2086" status="PASS">
          <reporter-output>
          </reporter-output>
        </test-method> <!-- tearDown -->
      </class> <!-- com.testpkg.LambdaTest -->
    </test> <!-- Default test -->
  </suite> <!-- Default suite -->
</testng-results>
