<?xml version="1.0" encoding="UTF-8"?>
<testng-results ignored="0" total="1" passed="1" failed="0" skipped="0">
  <reporter-output>
  </reporter-output>
  <suite started-at="2022-09-07T12:38:13 IST" name="Suite" finished-at="2022-09-07T12:38:34 IST" duration-ms="20874">
    <groups>
    </groups>
    <test started-at="2022-09-07T12:38:13 IST" name="Test" finished-at="2022-09-07T12:38:34 IST" duration-ms="20874">
      <class name="com.naukri.Naukri">
        <test-method signature="naukri()[pri:0, instance:com.naukri.Naukri@6340e5f0]" started-at="2022-09-07T12:38:13 IST" name="naukri" finished-at="2022-09-07T12:38:34 IST" duration-ms="20780" status="PASS">
          <reporter-output>
          </reporter-output>
        </test-method> <!-- naukri -->
      </class> <!-- com.naukri.Naukri -->
    </test> <!-- Test -->
  </suite> <!-- Suite -->
</testng-results>
